<?xml version="1.0" encoding="UTF-8"?>
<!-- Generated by org.testng.reporters.JUnitXMLReporter -->
<testsuite ignored="2" hostname="SIPL2016-03" failures="1" tests="2" name="Patientadd_Test" time="41.089" errors="0" timestamp="2023-08-08T10:31:17 IST">
  <testcase classname="ImagineRIS.TestCases.BaseClass" name="@AfterMethod afterMethod" time="0.002">
    <failure type="java.lang.NullPointerException" message="Cannot invoke &amp;quot;com.aventstack.extentreports.ExtentTest.log(com.aventstack.extentreports.Status, java.lang.Throwable)&amp;quot; because &amp;quot;this.test&amp;quot; is null">
      <![CDATA[java.lang.NullPointerException: Cannot invoke "com.aventstack.extentreports.ExtentTest.log(com.aventstack.extentreports.Status, java.lang.Throwable)" because "this.test" is null
at ImagineRIS.TestCases.BaseClass.afterMethod(BaseClass.java:59)
at java.base/java.util.ArrayList.forEach(ArrayList.java:1511)
... Removed 32 stack frames]]>
    </failure>
  </testcase> <!-- @AfterMethod afterMethod -->
  <testcase classname="ImagineRIS.TestCases.BaseClass" name="@AfterClass teardown" time="-1.691470877952E9">
    <skipped/>
  </testcase> <!-- @AfterClass teardown -->
  <testcase classname="ImagineRIS.TestCases.TC_LoginPage_001" name="loginmodule" time="19.722"/>
  <testcase classname="ImagineRIS.TestCases.TC_THPLogin_002" name="Telehealth" time="15.741">
    <failure type="java.lang.NullPointerException" message="Cannot invoke &amp;quot;com.aventstack.extentreports.ExtentReports.createTest(String, String)&amp;quot; because &amp;quot;this.extent&amp;quot; is null">
      <![CDATA[java.lang.NullPointerException: Cannot invoke "com.aventstack.extentreports.ExtentReports.createTest(String, String)" because "this.extent" is null
at ImagineRIS.TestCases.TC_THPLogin_002.Telehealth(TC_THPLogin_002.java:21)
at java.base/java.util.ArrayList.forEach(ArrayList.java:1511)
... Removed 27 stack frames]]>
    </failure>
  </testcase> <!-- Telehealth -->
  <testcase classname="ImagineRIS.TestCases.BaseClass" name="@BeforeSuite setUp" time="0.0">
    <ignored/>
  </testcase> <!-- @BeforeSuite setUp -->
  <testcase classname="ImagineRIS.TestCases.BaseClass" name="@AfterSuite TearDown" time="0.0">
    <ignored/>
  </testcase> <!-- @AfterSuite TearDown -->
</testsuite> <!-- Patientadd_Test -->
